Error:2025/06/09 11:59:47 logger.go:31: Failed to query movies: pq: column "tmbd_id" does not exist
Error:2025/06/09 11:59:47 logger.go:31: Error fetching top movies: pq: column "tmbd_id" does not exist
Error:2025/06/09 11:59:57 logger.go:31: Failed to query movies: pq: column "tmbd_id" does not exist
Error:2025/06/09 11:59:57 logger.go:31: Error fetching random movies: pq: column "tmbd_id" does not exist
Error:2025/06/09 12:02:57 logger.go:31: Failed to query movies: pq: column "tmbd_id" does not exist
Error:2025/06/09 12:02:57 logger.go:31: Error fetching random movies: pq: column "tmbd_id" does not exist
Error:2025/06/09 12:02:59 logger.go:31: Failed to query movies: pq: column "tmbd_id" does not exist
Error:2025/06/09 12:02:59 logger.go:31: Error fetching random movies: pq: column "tmbd_id" does not exist
Error:2025/06/09 12:08:05 logger.go:31: Failed to query movies: pq: column "tmbd_id" does not exist
Error:2025/06/09 12:08:05 logger.go:31: Error fetching random movies: pq: column "tmbd_id" does not exist
Error:2025/06/09 12:08:08 logger.go:31: Failed to query movies: pq: column "tmbd_id" does not exist
Error:2025/06/09 12:08:08 logger.go:31: Error fetching top movies: pq: column "tmbd_id" does not exist
Error:2025/06/09 12:08:14 logger.go:31: Failed to query movies: pq: column "tmbd_id" does not exist
Error:2025/06/09 12:08:14 logger.go:31: Error fetching top movies: pq: column "tmbd_id" does not exist
Error:2025/06/09 15:37:16 logger.go:31: Failed to fetch movie genres for movie 9: pq: relation "movie_generes" does not exist
Error:2025/06/09 15:37:16 logger.go:31: Failed to fetch movie relations for movie 9: pq: relation "movie_generes" does not exist
Error:2025/06/09 15:37:16 logger.go:31: Error fetching movie by ID: pq: relation "movie_generes" does not exist
Error:2025/06/09 15:37:31 logger.go:31: Failed to fetch movie genres for movie 9: pq: relation "movie_generes" does not exist
Error:2025/06/09 15:37:31 logger.go:31: Failed to fetch movie relations for movie 9: pq: relation "movie_generes" does not exist
Error:2025/06/09 15:37:31 logger.go:31: Error fetching movie by ID: pq: relation "movie_generes" does not exist
Error:2025/06/09 15:37:38 logger.go:31: Failed to fetch movie genres for movie 9: pq: relation "movie_generes" does not exist
Error:2025/06/09 15:37:38 logger.go:31: Failed to fetch movie relations for movie 9: pq: relation "movie_generes" does not exist
Error:2025/06/09 15:37:38 logger.go:31: Error fetching movie by ID: pq: relation "movie_generes" does not exist
Error:2025/06/09 15:39:50 logger.go:31: Failed to fetch movie genres for movie 9: pq: relation "movie_generes" does not exist
Error:2025/06/09 15:39:50 logger.go:31: Failed to fetch movie relations for movie 9: pq: relation "movie_generes" does not exist
Error:2025/06/09 15:39:50 logger.go:31: Error fetching movie by ID: pq: relation "movie_generes" does not exist
Error:2025/06/09 15:39:59 logger.go:31: Failed to fetch movie genres for movie 9: pq: relation "movie_generes" does not exist
Error:2025/06/09 15:39:59 logger.go:31: Failed to fetch movie relations for movie 9: pq: relation "movie_generes" does not exist
Error:2025/06/09 15:39:59 logger.go:31: Error fetching movie by ID: pq: relation "movie_generes" does not exist
Error:2025/06/09 15:43:37 logger.go:31: Failed to fetch movie keywords for movie 9: pq: column k.name does not exist
Error:2025/06/09 15:43:37 logger.go:31: Failed to fetch movie relations for movie 9: pq: column k.name does not exist
Error:2025/06/09 15:43:37 logger.go:31: Error fetching movie by ID: pq: column k.name does not exist
